<?xml version="1.0" encoding="UTF-8"?>
<!-- Generated by org.testng.reporters.JUnitReportReporter -->
<testsuite hostname="DESKTOP-N5FODUJ" failures="0" tests="2" name="NewTest" time="45.252" errors="0" timestamp="2020-09-18T08:41:50 IST" skipped="0">
  <testcase classname="NewTest" name="f" time="24.212"/>
  <system-out/>
  <testcase classname="NewTest" name="f" time="21.040"/>
  <system-out/>
</testsuite> <!-- NewTest -->
